<?xml version="1.0" encoding="UTF-8"?>
<!-- Generated by org.testng.reporters.JUnitReportReporter -->
<testsuite hostname="DESKTOP-0COA28K" failures="0" tests="2" name="classwork.grid.Node1Windows" time="5.362" errors="0" timestamp="2021-01-16T12:09:55 PST" skipped="0">
  <testcase classname="classwork.grid.Node1Windows" name="searchItems" time="4.153"/>
  <system-out/>
  <testcase classname="classwork.grid.Node1Windows" name="close" time="1.209"/>
  <system-out/>
</testsuite> <!-- classwork.grid.Node1Windows -->
