<?xml version="1.0" encoding="UTF-8"?>
<!-- Generated by org.testng.reporters.JUnitReportReporter -->
<testsuite hostname="DESKTOP-0COA28K" failures="0" tests="7" name="classwork.grid.Node1aWindows" time="44.855" errors="0" timestamp="2021-01-16T12:09:55 PST" skipped="0">
  <testcase classname="classwork.grid.Node1aWindows" name="searchDress" time="7.417"/>
  <system-out/>
  <testcase classname="classwork.grid.Node1aWindows" name="searchDress" time="7.091"/>
  <system-out/>
  <testcase classname="classwork.grid.Node1aWindows" name="searchDress" time="7.908"/>
  <system-out/>
  <testcase classname="classwork.grid.Node1aWindows" name="searchDress" time="7.279"/>
  <system-out/>
  <testcase classname="classwork.grid.Node1aWindows" name="searchDress" time="7.539"/>
  <system-out/>
  <testcase classname="classwork.grid.Node1aWindows" name="searchDress" time="7.549"/>
  <system-out/>
  <testcase classname="classwork.grid.Node1aWindows" name="close" time="0.072"/>
  <system-out/>
</testsuite> <!-- classwork.grid.Node1aWindows -->
