<?xml version="1.0" encoding="UTF-8"?>
<!-- Generated by org.testng.reporters.JUnitReportReporter -->
<testsuite hostname="DESKTOP-0COA28K" failures="0" tests="1" name="classwork.profileSettings.FileLoadingprofileFF" time="14.357" errors="0" timestamp="2021-01-14T15:34:08 PST" skipped="0">
  <testcase classname="classwork.profileSettings.FileLoadingprofileFF" name="launchBrowser" time="14.357"/>
  <system-out/>
</testsuite> <!-- classwork.profileSettings.FileLoadingprofileFF -->
