<?xml version="1.0" encoding="UTF-8"?>
<!-- Generated by org.testng.reporters.JUnitReportReporter -->
<testsuite hostname="DESKTOP-0COA28K" failures="0" tests="2" name="classwork.logger.SearchLogger" time="13.902" errors="0" timestamp="2021-01-14T16:11:27 PST" skipped="0">
  <testcase classname="classwork.logger.SearchLogger" name="searchDress" time="8.196"/>
  <system-out/>
  <testcase classname="classwork.logger.SearchLogger" name="close" time="5.706"/>
  <system-out/>
</testsuite> <!-- classwork.logger.SearchLogger -->
