<?xml version="1.0" encoding="UTF-8"?>
<!-- Generated by org.testng.reporters.JUnitReportReporter -->
<testsuite hostname="DESKTOP-0COA28K" failures="0" tests="7" name="classwork.jdbc.SearchUsingJDBC" time="50.709" errors="0" timestamp="2021-01-13T20:01:25 PST" skipped="0">
  <testcase classname="classwork.jdbc.SearchUsingJDBC" name="searchDress" time="7.584"/>
  <system-out/>
  <testcase classname="classwork.jdbc.SearchUsingJDBC" name="searchDress" time="7.496"/>
  <system-out/>
  <testcase classname="classwork.jdbc.SearchUsingJDBC" name="searchDress" time="7.054"/>
  <system-out/>
  <testcase classname="classwork.jdbc.SearchUsingJDBC" name="searchDress" time="7.805"/>
  <system-out/>
  <testcase classname="classwork.jdbc.SearchUsingJDBC" name="searchDress" time="7.526"/>
  <system-out/>
  <testcase classname="classwork.jdbc.SearchUsingJDBC" name="searchDress" time="7.260"/>
  <system-out/>
  <testcase classname="classwork.jdbc.SearchUsingJDBC" name="close" time="5.984"/>
  <system-out/>
</testsuite> <!-- classwork.jdbc.SearchUsingJDBC -->
