<?xml version="1.0" encoding="UTF-8"?>
<!-- Generated by org.testng.reporters.JUnitReportReporter -->
<testsuite hostname="DESKTOP-0COA28K" failures="0" tests="1" name="pom.testcases.SearchTest" time="1.421" errors="0" timestamp="2021-01-06T13:04:04 PST" skipped="0">
  <testcase classname="pom.testcases.SearchTest" name="searchItems" time="1.421"/>
  <system-out/>
</testsuite> <!-- pom.testcases.SearchTest -->
