<?xml version="1.0" encoding="UTF-8"?>
<!-- Generated by org.testng.reporters.JUnitReportReporter -->
<testsuite hostname="DESKTOP-0COA28K" failures="0" tests="1" name="classwork.profileSettings.FilLoadingProfileChrome" time="23.996" errors="0" timestamp="2021-01-13T14:19:59 PST" skipped="0">
  <testcase classname="classwork.profileSettings.FilLoadingProfileChrome" name="launch" time="23.996"/>
  <system-out/>
</testsuite> <!-- classwork.profileSettings.FilLoadingProfileChrome -->
